<?xml version="1.0" encoding="UTF-8"?>
<testsuite name="br.com.actionlabs.carboncalc.service.CarbonCalculatorServiceTest" tests="3" skipped="0" failures="0" errors="0" timestamp="2026-03-23T06:12:09" hostname="DESKTOP-R6ROTC8" time="1.275">
  <properties/>
  <testcase name="startCalculation_ShouldCreateAndReturnId()" classname="br.com.actionlabs.carboncalc.service.CarbonCalculatorServiceTest" time="1.251"/>
  <testcase name="updateInformation_ShouldThrowException_WhenIdNotFound()" classname="br.com.actionlabs.carboncalc.service.CarbonCalculatorServiceTest" time="0.007"/>
  <testcase name="updateInformation_ShouldCalculateMathCorrectly()" classname="br.com.actionlabs.carboncalc.service.CarbonCalculatorServiceTest" time="0.013"/>
  <system-out><![CDATA[]]></system-out>
  <system-err><![CDATA[]]></system-err>
</testsuite>
